Build started 4/10/2015 12:58:53 AM.
     1>Project "C:\Users\Matthew\documents\visual studio 2012\Projects\OpenGLfun\OpenGLfun\OpenGLfun.vcxproj" on node 2 (Build target(s)).
     1>ClCompile:
         C:\Program Files (x86)\Microsoft Visual Studio 11.0\VC\bin\CL.exe /c /I.\include /ZI /nologo /W3 /WX- /Od /Oy- /D WIN32 /D _DEBUG /D _CONSOLE /Gm /EHsc /RTC1 /MDd /GS /fp:precise /Zc:wchar_t /Zc:forScope /Fo"Debug\\" /Fd"Debug\vc110.pdb" /Gd /TP /analyze- /errorReport:prompt Main.cpp obj_loader.cpp
         obj_loader.cpp
     1>c:\users\matthew\documents\visual studio 2012\projects\openglfun\openglfun\obj_loader.cpp(72): warning C4244: '=' : conversion from 'float' to 'int', possible loss of data
     1>c:\users\matthew\documents\visual studio 2012\projects\openglfun\openglfun\obj_loader.cpp(98): warning C4018: '<' : signed/unsigned mismatch
     1>c:\users\matthew\documents\visual studio 2012\projects\openglfun\openglfun\obj_loader.cpp(519): warning C4244: 'return' : conversion from 'double' to 'float', possible loss of data
         Generating Code...
         Skipping... (no relevant changes detected)
         Main.cpp
       Link:
         C:\Program Files (x86)\Microsoft Visual Studio 11.0\VC\bin\link.exe /ERRORREPORT:PROMPT /OUT:"C:\Users\Matthew\documents\visual studio 2012\Projects\OpenGLfun\Debug\OpenGLfun.exe" /INCREMENTAL:NO /NOLOGO /LIBPATH:.\lib glew32.lib glew32s.lib SDL2.lib SDL2main.lib SDL2test.lib OpenGL32.lib kernel32.lib user32.lib gdi32.lib winspool.lib comdlg32.lib advapi32.lib shell32.lib ole32.lib oleaut32.lib uuid.lib odbc32.lib odbccp32.lib /MANIFEST /MANIFESTUAC:"level='asInvoker' uiAccess='false'" /manifest:embed /DEBUG /PDB:"C:\Users\Matthew\documents\visual studio 2012\Projects\OpenGLfun\Debug\OpenGLfun.pdb" /SUBSYSTEM:CONSOLE /TLBID:1 /DYNAMICBASE /NXCOMPAT /IMPLIB:"C:\Users\Matthew\documents\visual studio 2012\Projects\OpenGLfun\Debug\OpenGLfun.lib" /MACHINE:X86 Debug\Display.obj
         Debug\Main.obj
         Debug\Mesh.obj
         Debug\obj_loader.obj
         Debug\Shader.obj
         Debug\stb_image.obj
         Debug\Texture.obj
     1>Display.obj : warning LNK4075: ignoring '/EDITANDCONTINUE' due to '/OPT:LBR' specification
     1>MSVCRTD.lib(cinitexe.obj) : warning LNK4098: defaultlib 'msvcrt.lib' conflicts with use of other libs; use /NODEFAULTLIB:library
         OpenGLfun.vcxproj -> C:\Users\Matthew\documents\visual studio 2012\Projects\OpenGLfun\Debug\OpenGLfun.exe
     1>Done Building Project "C:\Users\Matthew\documents\visual studio 2012\Projects\OpenGLfun\OpenGLfun\OpenGLfun.vcxproj" (Build target(s)).

Build succeeded.

Time Elapsed 00:00:01.92
