Build started 4/9/2015 11:11:25 PM.
     1>Project "C:\Users\Matthew\documents\visual studio 2012\Projects\OpenGLfun\OpenGLfun\OpenGLfun.vcxproj" on node 2 (Build target(s)).
     1>ClCompile:
         C:\Program Files (x86)\Microsoft Visual Studio 11.0\VC\bin\CL.exe /c /I"C:\Users\Matthew\Documents\Visual Studio 2012\Projects\OpenGLfun\OpenGLfun\include" /Zi /nologo /W3 /WX- /O2 /Oi /Oy- /GL /D WIN32 /D NDEBUG /D _CONSOLE /D _MBCS /Gm- /EHsc /MD /GS /Gy /fp:precise /Zc:wchar_t /Zc:forScope /Fo"Release\\" /Fd"Release\vc110.pdb" /Gd /TP /analyze- /errorReport:prompt Main.cpp Mesh.cpp obj_loader.cpp
         Main.cpp
     1>c:\users\matthew\documents\visual studio 2012\projects\openglfun\openglfun\Camera.h(19): warning C4244: 'argument' : conversion from 'float' to 'GLsizei', possible loss of data
     1>c:\users\matthew\documents\visual studio 2012\projects\openglfun\openglfun\Camera.h(19): warning C4244: 'argument' : conversion from 'double' to 'GLint', possible loss of data
     1>c:\users\matthew\documents\visual studio 2012\projects\openglfun\openglfun\Camera.h(19): warning C4244: 'argument' : conversion from 'float' to 'GLint', possible loss of data
     1>Main.cpp(321): warning C4244: 'argument' : conversion from 'float' to 'GLsizei', possible loss of data
     1>Main.cpp(321): warning C4244: 'argument' : conversion from 'double' to 'GLint', possible loss of data
     1>Main.cpp(321): warning C4244: 'argument' : conversion from 'float' to 'GLint', possible loss of data
         Mesh.cpp
         obj_loader.cpp
     1>obj_loader.cpp(444): warning C4244: 'return' : conversion from 'double' to 'float', possible loss of data
       Link:
         C:\Program Files (x86)\Microsoft Visual Studio 11.0\VC\bin\link.exe /ERRORREPORT:PROMPT /OUT:"C:\Users\Matthew\documents\visual studio 2012\Projects\OpenGLfun\Release\OpenGLfun.exe" /INCREMENTAL:NO /NOLOGO /LIBPATH:"C:\Users\Matthew\Documents\Visual Studio 2012\Projects\OpenGLfun\OpenGLfun\lib" glew32.lib glew32s.lib SDL2.lib SDL2main.lib SDL2test.lib OpenGL32.lib kernel32.lib user32.lib gdi32.lib winspool.lib comdlg32.lib advapi32.lib shell32.lib ole32.lib oleaut32.lib uuid.lib odbc32.lib odbccp32.lib /MANIFEST /MANIFESTUAC:"level='asInvoker' uiAccess='false'" /manifest:embed /DEBUG /PDB:"C:\Users\Matthew\documents\visual studio 2012\Projects\OpenGLfun\Release\OpenGLfun.pdb" /SUBSYSTEM:CONSOLE /OPT:REF /OPT:ICF /LTCG /TLBID:1 /DYNAMICBASE /NXCOMPAT /IMPLIB:"C:\Users\Matthew\documents\visual studio 2012\Projects\OpenGLfun\Release\OpenGLfun.lib" /MACHINE:X86 /SAFESEH Release\Display.obj
         Release\Main.obj
         Release\Mesh.obj
         Release\obj_loader.obj
         Release\Shader.obj
         Release\stb_image.obj
         Release\Texture.obj
         Generating code
         Finished generating code
         OpenGLfun.vcxproj -> C:\Users\Matthew\documents\visual studio 2012\Projects\OpenGLfun\Release\OpenGLfun.exe
     1>Done Building Project "C:\Users\Matthew\documents\visual studio 2012\Projects\OpenGLfun\OpenGLfun\OpenGLfun.vcxproj" (Build target(s)).

Build succeeded.

Time Elapsed 00:00:06.37
